<?xml version="1.0" encoding="UTF-8"?>
<!-- Generated by org.testng.reporters.JUnitXMLReporter -->
<testsuite ignored="0" hostname="vtuantai" failures="0" tests="5" name="Simple test" time="16.542" errors="0" timestamp="2022-07-07T14:19:50 ICT">
  <testcase classname="pomtest.testcases.LogInTest" name="userTruePassNull" time="0.384"/>
  <testcase classname="pomtest.testcases.LogInTest" name="userNullPassNull" time="0.244"/>
  <testcase classname="pomtest.testcases.LogInTest" name="userTruePassLessThan6" time="0.336"/>
  <testcase classname="pomtest.testcases.LogInTest" name="userTruePassMoreThan6ButFalse" time="0.283"/>
  <testcase classname="pomtest.testcases.LogInTest" name="logInSuccessful" time="6.793"/>
</testsuite> <!-- Simple test -->
