<?xml version="1.0" encoding="UTF-8"?>
<!-- Generated by org.testng.reporters.JUnitXMLReporter -->
<testsuite ignored="0" hostname="vtuantai" failures="0" tests="5" name="Simple test" time="13.479" errors="0" timestamp="2022-07-07T11:32:10 ICT">
  <testcase classname="pomtest.testcases.LogInTest" name="userTruePassNull" time="0.379"/>
  <testcase classname="pomtest.testcases.LogInTest" name="userNullPassNull" time="0.245"/>
  <testcase classname="pomtest.testcases.LogInTest" name="userTruePassLessThan6" time="0.255"/>
  <testcase classname="pomtest.testcases.LogInTest" name="userTruePassMoreThan6ButFalse" time="0.272"/>
  <testcase classname="pomtest.testcases.LogInTest" name="logInSuccessful" time="5.586"/>
</testsuite> <!-- Simple test -->
