<?xml version="1.0" encoding="UTF-8"?>
<testsuite xmlns:xsi="http://www.w3.org/2001/XMLSchema-instance" xsi:noNamespaceSchemaLocation="https://maven.apache.org/surefire/maven-surefire-plugin/xsd/surefire-test-report-3.0.xsd" version="3.0" name="TestSuite" time="13.88" tests="5" errors="0" skipped="0" failures="0">
  <properties>
[...]
</properties>
  <testcase name="userTruePassNull" classname="pomtest.testcases.LogInTest" time="0.373">
    <system-out><![CDATA[2022-07-07 11:31:57,672 main ERROR File contains an invalid element or attribute "filePattern"
[INFO ] 07-07-2022 11:31:57 [main] Log - Launching Chrome browser... 
]]></system-out>
    <system-err><![CDATA[Starting ChromeDriver 102.0.5005.61 (0e59bcc00cc4985ce39ad31c150065f159d95ad3-refs/branch-heads/5005@{#819}) on port 63080
Only local connections are allowed.
Please see https://chromedriver.chromium.org/security-considerations for suggestions on keeping ChromeDriver safe.
ChromeDriver was started successfully.
[1657168319.059][WARNING]: This version of ChromeDriver has not been tested with Chrome version 103.
Jul 07, 2022 11:31:59 AM org.openqa.selenium.remote.ProtocolHandshake createSession
INFO: Detected upstream dialect: W3C
Jul 07, 2022 11:31:59 AM org.openqa.selenium.devtools.CdpVersionFinder findNearestMatch
INFO: Found exact CDP implementation for version 103
]]></system-err>
  </testcase>
  <testcase name="userNullPassNull" classname="pomtest.testcases.LogInTest" time="0.246"/>
  <testcase name="userTruePassLessThan6" classname="pomtest.testcases.LogInTest" time="0.256"/>
  <testcase name="userTruePassMoreThan6ButFalse" classname="pomtest.testcases.LogInTest" time="0.273"/>
  <testcase name="logInSuccessful" classname="pomtest.testcases.LogInTest" time="5.586"/>
</testsuite>