<?xml version="1.0" encoding="UTF-8"?>
<!-- Generated by org.testng.reporters.JUnitXMLReporter -->
<testsuite ignored="0" hostname="vtuantai" failures="0" tests="5" name="Simple test" time="124.073" errors="0" timestamp="2022-07-07T10:47:12 ICT">
  <testcase classname="pomtest.testcases.LogInTest" name="userTruePassNull" time="8.321"/>
  <testcase classname="pomtest.testcases.LogInTest" name="userNullPassNull" time="7.034"/>
  <testcase classname="pomtest.testcases.LogInTest" name="userTruePassLessThan6" time="7.638"/>
  <testcase classname="pomtest.testcases.LogInTest" name="userTruePassMoreThan6ButFalse" time="7.053"/>
  <testcase classname="pomtest.testcases.LogInTest" name="logInSuccessful" time="19.922"/>
</testsuite> <!-- Simple test -->
